Watcher script started. Monitoring for changes...
Watcher script started. Monitoring for changes...
Watcher script started. Monitoring for changes...
Watcher script started. Monitoring for changes...
Watcher script started. Monitoring for changes...
Watcher script started. Monitoring for changes...
Watcher script started. Monitoring for changes...
Thu Feb 29 10:09:15 PM UTC 2024: Detected change in /debtfreesolutions/FullRealEstateProject/viewer/views.py
Thu Feb 29 10:09:15 PM UTC 2024: Reloading Gunicorn...
Thu Feb 29 10:09:15 PM UTC 2024: Gunicorn reloaded successfully.
Thu Feb 29 10:09:17 PM UTC 2024: Detected change in /debtfreesolutions/FullRealEstateProject/viewer/views.py
Thu Feb 29 10:09:17 PM UTC 2024: Reloading Gunicorn...
Thu Feb 29 10:09:17 PM UTC 2024: Gunicorn reloaded successfully.
Thu Feb 29 10:10:25 PM UTC 2024: Detected change in /debtfreesolutions/FullRealEstateProject/viewer/views.py
Thu Feb 29 10:10:25 PM UTC 2024: Reloading Gunicorn...
Thu Feb 29 10:10:25 PM UTC 2024: Gunicorn reloaded successfully.
Thu Feb 29 10:10:36 PM UTC 2024: Detected change in /debtfreesolutions/FullRealEstateProject/viewer/views.py
Thu Feb 29 10:10:36 PM UTC 2024: Reloading Gunicorn...
Thu Feb 29 10:10:36 PM UTC 2024: Gunicorn reloaded successfully.
Watcher script started. Monitoring for changes...
Thu Feb 29 10:11:02 PM UTC 2024: Detected change in /debtfreesolutions/FullRealEstateProject/viewer/tests.py
Thu Feb 29 10:11:02 PM UTC 2024: Reloading Gunicorn...
Thu Feb 29 10:11:02 PM UTC 2024: Gunicorn reloaded successfully.
Watcher script started. Monitoring for changes...
Watcher script started. Monitoring for changes...
